FinalProject/Library/Bee/Android/Prj/IL2CPP/Gradle/unityLibrary/build/intermediates/manifest_merge_blame_file/release/manifest-merger-blame-release-report.txt
1<?xml version="1.0" encoding="utf-8"?>
2<manifest xmlns:android="http://schemas.android.com/apk/res/android"
3    xmlns:tools="http://schemas.android.com/tools"
4    package="com.unity3d.player"
5    android:versionCode="1"
6    android:versionName="0.1" >
7
8    <uses-sdk
9        android:minSdkVersion="24"
9-->src\main\AndroidManifest.xml
10        android:targetSdkVersion="30" />
10-->src\main\AndroidManifest.xml
11
12    <uses-feature android:glEsVersion="0x00030000" />
12-->src\main\AndroidManifest.xml:18:3-52
12-->src\main\AndroidManifest.xml:18:17-49
13    <uses-feature
13-->src\main\AndroidManifest.xml:19:3-91
14        android:name="android.hardware.vulkan.version"
14-->src\main\AndroidManifest.xml:19:17-63
15        android:required="false" />
15-->src\main\AndroidManifest.xml:19:64-88
16
17    <uses-permission android:name="android.permission.INTERNET" />
17-->src\main\AndroidManifest.xml:20:3-65
17-->src\main\AndroidManifest.xml:20:20-62
18    <uses-permission android:name="android.permission.ACCESS_NETWORK_STATE" />
18-->src\main\AndroidManifest.xml:21:3-77
18-->src\main\AndroidManifest.xml:21:20-74
19    <uses-permission android:name="android.permission.RECORD_AUDIO" />
19-->src\main\AndroidManifest.xml:22:3-69
19-->src\main\AndroidManifest.xml:22:20-66
20    <uses-permission android:name="android.permission.MODIFY_AUDIO_SETTINGS" />
20-->src\main\AndroidManifest.xml:23:3-78
20-->src\main\AndroidManifest.xml:23:20-75
21    <uses-permission android:name="android.permission.BLUETOOTH" />
21-->src\main\AndroidManifest.xml:24:3-66
21-->src\main\AndroidManifest.xml:24:20-63
22
23    <uses-feature
23-->src\main\AndroidManifest.xml:25:3-87
24        android:name="android.hardware.microphone"
24-->src\main\AndroidManifest.xml:25:17-59
25        android:required="false" />
25-->src\main\AndroidManifest.xml:25:60-84
26    <uses-feature
26-->src\main\AndroidManifest.xml:26:3-88
27        android:name="android.hardware.touchscreen"
27-->src\main\AndroidManifest.xml:26:17-60
28        android:required="false" />
28-->src\main\AndroidManifest.xml:26:61-85
29    <uses-feature
29-->src\main\AndroidManifest.xml:27:3-99
30        android:name="android.hardware.touchscreen.multitouch"
30-->src\main\AndroidManifest.xml:27:17-71
31        android:required="false" />
31-->src\main\AndroidManifest.xml:27:72-96
32    <uses-feature
32-->src\main\AndroidManifest.xml:28:3-108
33        android:name="android.hardware.touchscreen.multitouch.distinct"
33-->src\main\AndroidManifest.xml:28:17-80
34        android:required="false" />
34-->src\main\AndroidManifest.xml:28:81-105
35    <uses-feature
35-->src\main\AndroidManifest.xml:29:3-111
36        android:name="android.hardware.vr.headtracking"
36-->src\main\AndroidManifest.xml:29:17-64
37        android:required="true"
37-->src\main\AndroidManifest.xml:29:85-108
38        android:version="1" />
38-->src\main\AndroidManifest.xml:29:65-84
39
40    <application
40-->src\main\AndroidManifest.xml:3:3-17:17
41        android:allowBackup="false"
41-->src\main\AndroidManifest.xml:3:114-141
42        android:extractNativeLibs="true"
42-->src\main\AndroidManifest.xml:3:16-48
43        android:icon="@mipmap/app_icon"
43-->src\main\AndroidManifest.xml:3:82-113
44        android:label="@string/app_name"
44-->src\main\AndroidManifest.xml:3:49-81
45        android:networkSecurityConfig="@xml/network_sec_config" >
45-->src\main\AndroidManifest.xml:3:142-197
46        <activity
46-->src\main\AndroidManifest.xml:4:5-11:16
47            android:name="com.unity3d.player.UnityPlayerActivity"
47-->src\main\AndroidManifest.xml:4:15-68
48            android:configChanges="mcc|mnc|locale|touchscreen|keyboard|keyboardHidden|navigation|orientation|screenLayout|uiMode|screenSize|smallestScreenSize|fontScale|layoutDirection|density"
48-->src\main\AndroidManifest.xml:4:181-362
49            android:hardwareAccelerated="false"
49-->src\main\AndroidManifest.xml:4:398-433
50            android:launchMode="singleTask"
50-->src\main\AndroidManifest.xml:4:149-180
51            android:resizeableActivity="false"
51-->src\main\AndroidManifest.xml:4:363-397
52            android:screenOrientation="landscape"
52-->src\main\AndroidManifest.xml:4:111-148
53            android:theme="@style/UnityThemeSelector" >
53-->src\main\AndroidManifest.xml:4:69-110
54            <intent-filter>
54-->src\main\AndroidManifest.xml:5:7-8:23
55                <action android:name="android.intent.action.MAIN" />
55-->src\main\AndroidManifest.xml:6:9-61
55-->src\main\AndroidManifest.xml:6:17-58
56
57                <category android:name="android.intent.category.LAUNCHER" />
57-->src\main\AndroidManifest.xml:7:9-69
57-->src\main\AndroidManifest.xml:7:19-66
58            </intent-filter>
59
60            <meta-data
60-->src\main\AndroidManifest.xml:9:7-82
61                android:name="unityplayer.UnityActivity"
61-->src\main\AndroidManifest.xml:9:18-58
62                android:value="true" />
62-->src\main\AndroidManifest.xml:9:59-79
63            <meta-data
63-->src\main\AndroidManifest.xml:10:7-78
64                android:name="android.notch_support"
64-->src\main\AndroidManifest.xml:10:18-54
65                android:value="true" />
65-->src\main\AndroidManifest.xml:10:55-75
66        </activity>
67
68        <meta-data
68-->src\main\AndroidManifest.xml:12:5-69
69            android:name="unity.splash-mode"
69-->src\main\AndroidManifest.xml:12:16-48
70            android:value="0" />
70-->src\main\AndroidManifest.xml:12:49-66
71        <meta-data
71-->src\main\AndroidManifest.xml:13:5-74
72            android:name="unity.splash-enable"
72-->src\main\AndroidManifest.xml:13:16-50
73            android:value="True" />
73-->src\main\AndroidManifest.xml:13:51-71
74        <meta-data
74-->src\main\AndroidManifest.xml:14:5-78
75            android:name="unity.launch-fullscreen"
75-->src\main\AndroidManifest.xml:14:16-54
76            android:value="True" />
76-->src\main\AndroidManifest.xml:14:55-75
77        <meta-data
77-->src\main\AndroidManifest.xml:15:5-84
78            android:name="unity.allow-resizable-window"
78-->src\main\AndroidManifest.xml:15:16-59
79            android:value="False" />
79-->src\main\AndroidManifest.xml:15:60-81
80        <meta-data
80-->src\main\AndroidManifest.xml:16:5-81
81            android:name="notch.config"
81-->src\main\AndroidManifest.xml:16:16-43
82            android:value="portrait|landscape" />
82-->src\main\AndroidManifest.xml:16:44-78
83    </application>
84
85</manifest>